<?xml version="1.0" encoding="UTF-8"?>
<!-- Generated by org.testng.reporters.JUnitReportReporter -->
<testsuite skipped="0" hostname="Aakash-PC" name="automationConcepts.AssertionUsingTestNG" tests="1" failures="0" timestamp="21 Oct 2017 14:13:40 GMT" time="10.400" errors="0">
  <testcase name="Everification" time="10.400" classname="automationConcepts.AssertionUsingTestNG"/>
</testsuite> <!-- automationConcepts.AssertionUsingTestNG -->
