<?xml version="1.0" encoding="UTF-8"?>
<!-- Generated by org.testng.reporters.JUnitReportReporter -->
<testsuite skipped="0" hostname="Aakash-PC" name="sWDConcept.FirstSWDWithoutRec" tests="1" failures="0" timestamp="10 Oct 2017 23:45:17 GMT" time="8.087" errors="0">
  <testcase name="searchItem" time="8.087" classname="sWDConcept.FirstSWDWithoutRec"/>
</testsuite> <!-- sWDConcept.FirstSWDWithoutRec -->
