<?xml version="1.0" encoding="UTF-8"?>
<!-- Generated by org.testng.reporters.JUnitReportReporter -->
<testsuite skipped="0" hostname="Aakash-PC" name="sWDConcept.Handlinglink" tests="1" failures="0" timestamp="11 Oct 2017 23:39:58 GMT" time="12.294" errors="0">
  <testcase name="handleDropdown" time="12.294" classname="sWDConcept.Handlinglink"/>
</testsuite> <!-- sWDConcept.Handlinglink -->
