<?xml version="1.0" encoding="UTF-8"?>
<!-- Generated by org.testng.reporters.JUnitReportReporter -->
<testsuite skipped="0" hostname="Aakash-PC" name="javaConcepts.AmazonUsingTestNG" tests="3" failures="0" timestamp="06 Oct 2017 00:38:41 GMT" time="9.026" errors="0">
  <testcase name="purchaseItem" time="3.011" classname="javaConcepts.AmazonUsingTestNG"/>
  <testcase name="updateorder" time="3.003" classname="javaConcepts.AmazonUsingTestNG"/>
  <testcase name="trashorder" time="3.012" classname="javaConcepts.AmazonUsingTestNG"/>
</testsuite> <!-- javaConcepts.AmazonUsingTestNG -->
